<?xml version="1.0" encoding="utf-8"?><testsuites name="pytest tests"><testsuite name="pytest" errors="0" failures="1" skipped="0" tests="14" time="2.150" timestamp="2026-09-11T03:47:44.148245+00:00" hostname="agent-env-7f77d96b-9064-4799-9bbc-47f0e7a6c0e8"><testcase classname="tests.test_giftwrap_and_rearrange" name="test_settings_include_gift_wrap_fee" time="0.209" /><testcase classname="tests.test_giftwrap_and_rearrange" name="test_pricing_gift_wrap_true" time="0.059" /><testcase classname="tests.test_giftwrap_and_rearrange" name="test_pricing_gift_wrap_false" time="0.059" /><testcase classname="tests.test_giftwrap_and_rearrange" name="test_pricing_gift_wrap_with_coupon" time="0.062" /><testcase classname="tests.test_giftwrap_and_rearrange" name="test_customer_auth" time="0.132" /><testcase classname="tests.test_giftwrap_and_rearrange" name="test_create_album_with_photos" time="0.384" /><testcase classname="tests.test_giftwrap_and_rearrange" name="test_auto_generate_album" time="0.064" /><testcase classname="tests.test_giftwrap_and_rearrange" name="test_swap_photos_across_pages" time="0.120" /><testcase classname="tests.test_giftwrap_and_rearrange" name="test_swap_photos_within_two_photo_page" time="0.122" /><testcase classname="tests.test_giftwrap_and_rearrange" name="test_order_with_gift_wrap_and_coupon" time="0.120" /><testcase classname="tests.test_giftwrap_and_rearrange" name="test_order_without_gift_wrap" time="0.059" /><testcase classname="tests.test_giftwrap_and_rearrange" name="test_admin_login" time="0.080" /><testcase classname="tests.test_giftwrap_and_rearrange" name="test_admin_update_gift_wrap_fee_and_revert" time="0.260" /><testcase classname="tests.test_giftwrap_and_rearrange" name="test_admin_orders_include_gift_wrap" time="0.080"><failure message="AssertionError: order a62d3a55002c4f9587fcc0aedb62dd0d missing gift_wrap field in admin list&#10;assert 'gift_wrap' in {'id': 'a62d3a55002c4f9587fcc0aedb62dd0d', 'order_no': 'CB2609119948', 'customer_id': '1797f5d3fb644963a532a1e2f18915dd', 'customer_snapshot': {'name': 'Test User', 'mobile': '9889097870', 'email': 'TEST_user@example.com'}, ...}">tests/test_giftwrap_and_rearrange.py:252: in test_admin_orders_include_gift_wrap
    assert "gift_wrap" in o, f"order {o['id']} missing gift_wrap field in admin list"
E   AssertionError: order a62d3a55002c4f9587fcc0aedb62dd0d missing gift_wrap field in admin list
E   assert 'gift_wrap' in {'id': 'a62d3a55002c4f9587fcc0aedb62dd0d', 'order_no': 'CB2609119948', 'customer_id': '1797f5d3fb644963a532a1e2f18915dd', 'customer_snapshot': {'name': 'Test User', 'mobile': '9889097870', 'email': 'TEST_user@example.com'}, ...}</failure></testcase></testsuite></testsuites>