<?xml version="1.0" encoding="utf-8"?><testsuites name="pytest tests"><testsuite name="pytest" errors="0" failures="0" skipped="0" tests="9" time="3.935" timestamp="2026-09-11T07:10:24.793691+00:00" hostname="agent-env-7f77d96b-9064-4799-9bbc-47f0e7a6c0e8"><testcase classname="tests.test_photo_upload_flow.TestPhotoUploadFlow" name="test_01_send_otp" time="1.543" /><testcase classname="tests.test_photo_upload_flow.TestPhotoUploadFlow" name="test_02_verify_otp_and_get_token" time="0.147" /><testcase classname="tests.test_photo_upload_flow.TestPhotoUploadFlow" name="test_03_list_covers" time="0.112" /><testcase classname="tests.test_photo_upload_flow.TestPhotoUploadFlow" name="test_04_create_album" time="0.112" /><testcase classname="tests.test_photo_upload_flow.TestPhotoUploadFlow" name="test_05_upload_three_photos_multipart" time="0.425" /><testcase classname="tests.test_photo_upload_flow.TestPhotoUploadFlow" name="test_06_get_album_persists_three_photos" time="0.112" /><testcase classname="tests.test_photo_upload_flow.TestPhotoUploadFlow" name="test_07_photo_file_urls_return_200_image_bytes" time="1.172" /><testcase classname="tests.test_photo_upload_flow.TestPhotoUploadFlow" name="test_08_auto_generate_pages" time="0.134" /><testcase classname="tests.test_photo_upload_flow.TestPhotoUploadFlow" name="test_09_get_album_after_generate_still_has_three_photos" time="0.121" /></testsuite></testsuites>