<?xml version="1.0" encoding="utf-8"?><testsuites name="pytest tests"><testsuite name="pytest" errors="0" failures="0" skipped="0" tests="47" time="5.726" timestamp="2026-09-11T03:37:49.691516+00:00" hostname="agent-env-7f77d96b-9064-4799-9bbc-47f0e7a6c0e8"><testcase classname="tests.test_clickbook_api" name="test_health" time="0.324" /><testcase classname="tests.test_clickbook_api" name="test_send_otp" time="0.071" /><testcase classname="tests.test_clickbook_api" name="test_verify_otp_wrong" time="0.084" /><testcase classname="tests.test_clickbook_api" name="test_verify_otp_success" time="0.070" /><testcase classname="tests.test_clickbook_api" name="test_me_get" time="0.070" /><testcase classname="tests.test_clickbook_api" name="test_me_update" time="0.071" /><testcase classname="tests.test_clickbook_api" name="test_me_no_token" time="0.091" /><testcase classname="tests.test_clickbook_api" name="test_covers" time="0.074" /><testcase classname="tests.test_clickbook_api" name="test_layouts" time="0.069" /><testcase classname="tests.test_clickbook_api" name="test_backgrounds" time="0.071" /><testcase classname="tests.test_clickbook_api" name="test_offers_public" time="0.068" /><testcase classname="tests.test_clickbook_api" name="test_settings" time="0.072" /><testcase classname="tests.test_clickbook_api" name="test_pricing_no_coupon" time="0.080" /><testcase classname="tests.test_clickbook_api" name="test_pricing_welcome" time="0.077" /><testcase classname="tests.test_clickbook_api" name="test_pricing_invalid_coupon" time="0.072" /><testcase classname="tests.test_clickbook_api" name="test_pricing_min_order_fail" time="0.073" /><testcase classname="tests.test_clickbook_api" name="test_create_album" time="0.079" /><testcase classname="tests.test_clickbook_api" name="test_create_album_invalid_cover" time="0.075" /><testcase classname="tests.test_clickbook_api" name="test_upload_photos" time="0.312" /><testcase classname="tests.test_clickbook_api" name="test_upload_bad_extension" time="0.085" /><testcase classname="tests.test_clickbook_api" name="test_file_serving" time="0.108" /><testcase classname="tests.test_clickbook_api" name="test_auto_generate" time="0.088" /><testcase classname="tests.test_clickbook_api" name="test_get_album" time="0.073" /><testcase classname="tests.test_clickbook_api" name="test_update_pages" time="0.072" /><testcase classname="tests.test_clickbook_api" name="test_list_albums" time="0.083" /><testcase classname="tests.test_clickbook_api" name="test_delete_photo" time="0.149" /><testcase classname="tests.test_clickbook_api" name="test_auth_isolation" time="0.295" /><testcase classname="tests.test_clickbook_api" name="test_create_order" time="0.092" /><testcase classname="tests.test_clickbook_api" name="test_pay_order" time="0.074" /><testcase classname="tests.test_clickbook_api" name="test_get_order" time="0.072" /><testcase classname="tests.test_clickbook_api" name="test_list_orders" time="0.071" /><testcase classname="tests.test_clickbook_api" name="test_admin_login_wrong" time="0.074" /><testcase classname="tests.test_clickbook_api" name="test_admin_login" time="0.078" /><testcase classname="tests.test_clickbook_api" name="test_admin_dashboard" time="0.072" /><testcase classname="tests.test_clickbook_api" name="test_admin_orders" time="0.075" /><testcase classname="tests.test_clickbook_api" name="test_admin_status_transitions[processing]" time="0.142" /><testcase classname="tests.test_clickbook_api" name="test_admin_status_transitions[printing]" time="0.148" /><testcase classname="tests.test_clickbook_api" name="test_admin_status_transitions[packaging]" time="0.145" /><testcase classname="tests.test_clickbook_api" name="test_admin_status_transitions[out_for_delivery]" time="0.143" /><testcase classname="tests.test_clickbook_api" name="test_admin_status_transitions[delivered]" time="0.148" /><testcase classname="tests.test_clickbook_api" name="test_admin_status_invalid" time="0.069" /><testcase classname="tests.test_clickbook_api" name="test_admin_generate_pdf" time="0.181" /><testcase classname="tests.test_clickbook_api" name="test_admin_update_settings" time="0.216" /><testcase classname="tests.test_clickbook_api" name="test_admin_offer_crud" time="0.302" /><testcase classname="tests.test_clickbook_api" name="test_admin_process_bot_update" time="0.231" /><testcase classname="tests.test_clickbook_api" name="test_admin_customers" time="0.071" /><testcase classname="tests.test_clickbook_api" name="test_admin_requires_auth" time="0.074" /></testsuite></testsuites>