<?xml version="1.0" encoding="utf-8"?><testsuites name="pytest tests"><testsuite name="pytest" errors="0" failures="0" skipped="0" tests="11" time="4.089" timestamp="2026-09-13T08:41:02.456728+00:00" hostname="agent-env-7f77d96b-9064-4799-9bbc-47f0e7a6c0e8"><testcase classname="tests.test_iteration8_features.TestRegression" name="test_covers" time="0.211" /><testcase classname="tests.test_iteration8_features.TestRegression" name="test_coupon" time="0.083" /><testcase classname="tests.test_iteration8_features.TestRegression" name="test_policies[privacy]" time="0.078" /><testcase classname="tests.test_iteration8_features.TestRegression" name="test_policies[terms]" time="0.077" /><testcase classname="tests.test_iteration8_features.TestRegression" name="test_policies[refund]" time="0.073" /><testcase classname="tests.test_iteration8_features.TestRegression" name="test_policies[shipping]" time="0.079" /><testcase classname="tests.test_iteration8_features.TestCoverPhotoPicker" name="test_generate_with_third_photo_as_cover" time="2.268" /><testcase classname="tests.test_iteration8_features.TestAdminBotImage" name="test_upload_and_attach_image_to_bot" time="2.413" /><testcase classname="tests.test_iteration8_features.TestCoverPhotoPicker" name="test_regenerate_updates_cover_photo" time="0.187" /><testcase classname="tests.test_iteration8_features.TestCoverPhotoPicker" name="test_generate_with_foreign_photo_id_returns_400" time="0.294" /><testcase classname="tests.test_iteration8_features.TestPagesReorderPersistence" name="test_swap_first_two_pages_persists" time="0.737" /></testsuite></testsuites>