<?xml version="1.0" encoding="utf-8"?><testsuites name="pytest tests"><testsuite name="pytest" errors="0" failures="1" skipped="0" tests="19" time="10.163" timestamp="2026-09-11T05:07:58.576095+00:00" hostname="agent-env-7f77d96b-9064-4799-9bbc-47f0e7a6c0e8"><testcase classname="tests.test_iteration3_features" name="test_policies_list" time="0.518" /><testcase classname="tests.test_iteration3_features" name="test_policy_detail[privacy]" time="0.113" /><testcase classname="tests.test_iteration3_features" name="test_policy_detail[terms]" time="0.102" /><testcase classname="tests.test_iteration3_features" name="test_policy_detail[refund]" time="0.095" /><testcase classname="tests.test_iteration3_features" name="test_policy_detail[shipping]" time="0.106" /><testcase classname="tests.test_iteration3_features" name="test_policy_404" time="0.110" /><testcase classname="tests.test_iteration3_features" name="test_otp_send_with_aoc_provider_no_crash" time="0.118"><failure message="AssertionError: expected provider=aoc, got {'success': True, 'provider': 'mock', 'message': 'OTP delivered (mock)', 'dev_hint': '123456'}&#10;assert 'mock' == 'aoc'&#10;  &#10;  - aoc&#10;  + mock">tests/test_iteration3_features.py:125: in test_otp_send_with_aoc_provider_no_crash
    assert body.get("provider") == "aoc", f"expected provider=aoc, got {body}"
E   AssertionError: expected provider=aoc, got {'success': True, 'provider': 'mock', 'message': 'OTP delivered (mock)', 'dev_hint': '123456'}
E   assert 'mock' == 'aoc'
E     
E     - aoc
E     + mock</failure></testcase><testcase classname="tests.test_iteration3_features" name="test_switch_to_mock_provider" time="2.918" /><testcase classname="tests.test_iteration3_features" name="test_otp_send_mock_returns_provider" time="0.152" /><testcase classname="tests.test_iteration3_features" name="test_otp_verify_with_fallback_code" time="0.138" /><testcase classname="tests.test_iteration3_features" name="test_payments_config_mock" time="0.132" /><testcase classname="tests.test_iteration3_features" name="test_create_album_with_photos" time="1.112" /><testcase classname="tests.test_iteration3_features" name="test_create_order_with_gift_note" time="0.309" /><testcase classname="tests.test_iteration3_features" name="test_razorpay_order_create_mock" time="0.154" /><testcase classname="tests.test_iteration3_features" name="test_razorpay_checkout_html" time="0.165" /><testcase classname="tests.test_iteration3_features" name="test_razorpay_verify_mock" time="0.275" /><testcase classname="tests.test_iteration3_features" name="test_razorpay_verify_rejects_empty_signature" time="0.395" /><testcase classname="tests.test_iteration3_features" name="test_legacy_orders_pay_still_works" time="0.301" /><testcase classname="tests.test_iteration3_features" name="test_zzz_restore_aoc_provider" time="2.602" /></testsuite></testsuites>