<?xml version="1.0" encoding="utf-8"?><testsuites name="pytest tests"><testsuite name="pytest" errors="0" failures="0" skipped="0" tests="13" time="4.798" timestamp="2026-09-13T08:15:23.419955+00:00" hostname="agent-env-7f77d96b-9064-4799-9bbc-47f0e7a6c0e8"><testcase classname="tests.test_iteration7_page_editor.TestStyleAwareGeneration" name="test_generate_with_gallery_style" time="1.999" /><testcase classname="tests.test_iteration7_page_editor.TestStyleAwareGeneration" name="test_generate_invalid_style_400" time="0.080" /><testcase classname="tests.test_iteration7_page_editor.TestPageEditorPersistence" name="test_put_pages_persists_text_and_transform" time="0.345" /><testcase classname="tests.test_iteration7_page_editor.TestPageEditorPersistence" name="test_layout_change_persists" time="0.238" /><testcase classname="tests.test_iteration7_page_editor.TestCoverEditor" name="test_update_cover_design_editorial" time="0.248" /><testcase classname="tests.test_iteration7_page_editor.TestDesignLock" name="test_pay_locks_album_and_puts_return_409" time="1.125" /><testcase classname="tests.test_iteration7_page_editor.TestAdminImageUpload" name="test_upload_jpg_returns_url" time="0.196" /><testcase classname="tests.test_iteration7_page_editor.TestCoversCatalog" name="test_three_active_styles" time="0.084" /><testcase classname="tests.test_iteration7_page_editor.TestCouponRegression" name="test_welcome_coupon" time="0.083" /><testcase classname="tests.test_iteration7_page_editor.TestPolicies" name="test_policy[privacy]" time="0.081" /><testcase classname="tests.test_iteration7_page_editor.TestPolicies" name="test_policy[terms]" time="0.082" /><testcase classname="tests.test_iteration7_page_editor.TestPolicies" name="test_policy[refund]" time="0.079" /><testcase classname="tests.test_iteration7_page_editor.TestPolicies" name="test_policy[shipping]" time="0.080" /></testsuite></testsuites>